<?xml version="1.0" encoding="UTF-8"?>
<!-- Generated by org.testng.reporters.JUnitXMLReporter -->
<testsuite ignored="0" hostname="LAPTOP-POCFV7OH" failures="0" tests="3" name="Default test" time="0.24" errors="0" timestamp="2021-11-24T16:37:39 IST">
  <testcase classname="testNGListeners.LoginTest" name="loginByEmail" time="0.154"/>
  <testcase classname="testNGListeners.LoginTest" name="loginByFacebook" time="0.001"/>
  <testcase classname="testNGListeners.LoginTest" name="loginByName" time="0.002"/>
</testsuite> <!-- Default test -->
