<?xml version="1.0" encoding="UTF-8"?>
<!-- Generated by org.testng.reporters.JUnitXMLReporter -->
<testsuite ignored="1" hostname="LAPTOP-POCFV7OH" failures="0" tests="2" name="LoginTest" time="0.366" errors="0" timestamp="2021-11-18T17:46:25 IST">
  <testcase classname="testNGListeners.LoginTest" name="loginByEmail" time="0.14"/>
  <testcase classname="testNGListeners.LoginTest" name="loginByName" time="0.013"/>
  <testcase classname="testNGListeners.LoginTest" name="loginByFacebook" time="0.0">
    <ignored/>
  </testcase> <!-- loginByFacebook -->
</testsuite> <!-- LoginTest -->
