<?xml version="1.0" encoding="UTF-8"?>
<testng-results ignored="0" total="3" passed="3" failed="0" skipped="0">
  <reporter-output>
  </reporter-output>
  <suite started-at="2021-11-24T16:37:38 IST" name="Default suite" finished-at="2021-11-24T16:37:39 IST" duration-ms="240">
    <groups>
    </groups>
    <test started-at="2021-11-24T16:37:38 IST" name="Default test" finished-at="2021-11-24T16:37:39 IST" duration-ms="240">
      <class name="testNGListeners.LoginTest">
        <test-method signature="loginByEmail()[pri:0, instance:testNGListeners.LoginTest@4944252c]" started-at="2021-11-24T16:37:38 IST" name="loginByEmail" finished-at="2021-11-24T16:37:39 IST" duration-ms="154" status="PASS">
          <reporter-output>
          </reporter-output>
        </test-method> <!-- loginByEmail -->
        <test-method signature="loginByFacebook()[pri:0, instance:testNGListeners.LoginTest@4944252c]" started-at="2021-11-24T16:37:39 IST" name="loginByFacebook" finished-at="2021-11-24T16:37:39 IST" duration-ms="1" status="PASS">
          <reporter-output>
          </reporter-output>
        </test-method> <!-- loginByFacebook -->
        <test-method signature="loginByName()[pri:0, instance:testNGListeners.LoginTest@4944252c]" started-at="2021-11-24T16:37:39 IST" name="loginByName" finished-at="2021-11-24T16:37:39 IST" duration-ms="2" status="PASS">
          <reporter-output>
          </reporter-output>
        </test-method> <!-- loginByName -->
      </class> <!-- testNGListeners.LoginTest -->
    </test> <!-- Default test -->
  </suite> <!-- Default suite -->
</testng-results>
